#! /usr/local/bin/vvp
:ivl_version "12.0 (stable)";
:ivl_delay_selection "TYPICAL";
:vpi_time_precision - 12;
:vpi_module "/usr/local/lib/ivl/system.vpi";
:vpi_module "/usr/local/lib/ivl/vhdl_sys.vpi";
:vpi_module "/usr/local/lib/ivl/vhdl_textio.vpi";
:vpi_module "/usr/local/lib/ivl/v2005_math.vpi";
:vpi_module "/usr/local/lib/ivl/va_math.vpi";
:vpi_module "/usr/local/lib/ivl/v2009.vpi";
S_0x1a6934a0 .scope package, "$unit" "$unit" 2 1;
 .timescale 0 0;
S_0x1a6930c0 .scope module, "tb_parking_system" "tb_parking_system" 3 2;
 .timescale -9 -12;
v0x1a6ca8a0_0 .net "GREEN_LED", 0 0, L_0x1a6cb140;  1 drivers
v0x1a6ca960_0 .net "HEX_1", 6 0, v0x1a6c9ab0_0;  1 drivers
v0x1a6caa30_0 .net "HEX_2", 6 0, v0x1a6c9b90_0;  1 drivers
v0x1a6cab30_0 .net "RED_LED", 0 0, L_0x1a6ae660;  1 drivers
v0x1a6cac00_0 .var "clk", 0 0;
v0x1a6caca0_0 .var "password_1", 1 0;
v0x1a6cad70_0 .var "password_2", 1 0;
v0x1a6cae40_0 .var "reset_n", 0 0;
v0x1a6caf10_0 .var "sensor_entrance", 0 0;
v0x1a6cb070_0 .var "sensor_exit", 0 0;
S_0x1a6ae290 .scope module, "uut" "parking_system" 3 19, 4 3 0, S_0x1a6930c0;
 .timescale -9 -12;
    .port_info 0 /INPUT 1 "clk";
    .port_info 1 /INPUT 1 "reset_n";
    .port_info 2 /INPUT 1 "sensor_entrance";
    .port_info 3 /INPUT 1 "sensor_exit";
    .port_info 4 /INPUT 2 "password_1";
    .port_info 5 /INPUT 2 "password_2";
    .port_info 6 /OUTPUT 1 "GREEN_LED";
    .port_info 7 /OUTPUT 1 "RED_LED";
    .port_info 8 /OUTPUT 7 "HEX_1";
    .port_info 9 /OUTPUT 7 "HEX_2";
P_0x1a6ae470 .param/l "IDLE" 0 4 11, C4<000>;
P_0x1a6ae4b0 .param/l "RIGHT_PASS" 0 4 14, C4<011>;
P_0x1a6ae4f0 .param/l "STOP" 0 4 15, C4<100>;
P_0x1a6ae530 .param/l "WAIT_PASSWORD" 0 4 12, C4<001>;
P_0x1a6ae570 .param/l "WRONG_PASS" 0 4 13, C4<010>;
L_0x1a6ae660 .functor BUFZ 1, v0x1a6ca400_0, C4<0>, C4<0>, C4<0>;
L_0x1a6cb140 .functor BUFZ 1, v0x1a6ca010_0, C4<0>, C4<0>, C4<0>;
v0x1a693c80_0 .net "GREEN_LED", 0 0, L_0x1a6cb140;  alias, 1 drivers
v0x1a6c9ab0_0 .var "HEX_1", 6 0;
v0x1a6c9b90_0 .var "HEX_2", 6 0;
v0x1a6c9c80_0 .net "RED_LED", 0 0, L_0x1a6ae660;  alias, 1 drivers
v0x1a6c9d40_0 .net "clk", 0 0, v0x1a6cac00_0;  1 drivers
v0x1a6c9e50_0 .var "counter_wait", 31 0;
v0x1a6c9f30_0 .var "current_state", 2 0;
v0x1a6ca010_0 .var "green_tmp", 0 0;
v0x1a6ca0d0_0 .var "next_state", 2 0;
v0x1a6ca240_0 .net "password_1", 1 0, v0x1a6caca0_0;  1 drivers
v0x1a6ca320_0 .net "password_2", 1 0, v0x1a6cad70_0;  1 drivers
v0x1a6ca400_0 .var "red_tmp", 0 0;
v0x1a6ca4c0_0 .net "reset_n", 0 0, v0x1a6cae40_0;  1 drivers
v0x1a6ca580_0 .net "sensor_entrance", 0 0, v0x1a6caf10_0;  1 drivers
v0x1a6ca640_0 .net "sensor_exit", 0 0, v0x1a6cb070_0;  1 drivers
E_0x1a67e680 .event posedge, v0x1a6c9d40_0;
E_0x1a67e6c0/0 .event anyedge, v0x1a6c9f30_0, v0x1a6ca580_0, v0x1a6c9e50_0, v0x1a6ca240_0;
E_0x1a67e6c0/1 .event anyedge, v0x1a6ca320_0, v0x1a6ca640_0;
E_0x1a67e6c0 .event/or E_0x1a67e6c0/0, E_0x1a67e6c0/1;
E_0x1a67e740/0 .event negedge, v0x1a6ca4c0_0;
E_0x1a67e740/1 .event posedge, v0x1a6c9d40_0;
E_0x1a67e740 .event/or E_0x1a67e740/0, E_0x1a67e740/1;
    .scope S_0x1a6ae290;
T_0 ;
    %wait E_0x1a67e740;
    %load/vec4 v0x1a6ca4c0_0;
    %inv;
    %flag_set/vec4 8;
    %jmp/0xz  T_0.0, 8;
    %pushi/vec4 0, 0, 3;
    %store/vec4 v0x1a6c9f30_0, 0, 3;
    %jmp T_0.1;
T_0.0 ;
    %load/vec4 v0x1a6ca0d0_0;
    %store/vec4 v0x1a6c9f30_0, 0, 3;
T_0.1 ;
    %jmp T_0;
    .thread T_0;
    .scope S_0x1a6ae290;
T_1 ;
    %wait E_0x1a67e740;
    %load/vec4 v0x1a6ca4c0_0;
    %inv;
    %flag_set/vec4 8;
    %jmp/0xz  T_1.0, 8;
    %pushi/vec4 0, 0, 32;
    %assign/vec4 v0x1a6c9e50_0, 0;
    %jmp T_1.1;
T_1.0 ;
    %load/vec4 v0x1a6c9f30_0;
    %cmpi/e 1, 0, 3;
    %jmp/0xz  T_1.2, 4;
    %load/vec4 v0x1a6c9e50_0;
    %addi 1, 0, 32;
    %assign/vec4 v0x1a6c9e50_0, 0;
    %jmp T_1.3;
T_1.2 ;
    %pushi/vec4 0, 0, 32;
    %assign/vec4 v0x1a6c9e50_0, 0;
T_1.3 ;
T_1.1 ;
    %jmp T_1;
    .thread T_1;
    .scope S_0x1a6ae290;
T_2 ;
    %wait E_0x1a67e6c0;
    %load/vec4 v0x1a6c9f30_0;
    %dup/vec4;
    %pushi/vec4 0, 0, 3;
    %cmp/u;
    %jmp/1 T_2.0, 6;
    %dup/vec4;
    %pushi/vec4 1, 0, 3;
    %cmp/u;
    %jmp/1 T_2.1, 6;
    %dup/vec4;
    %pushi/vec4 2, 0, 3;
    %cmp/u;
    %jmp/1 T_2.2, 6;
    %dup/vec4;
    %pushi/vec4 3, 0, 3;
    %cmp/u;
    %jmp/1 T_2.3, 6;
    %dup/vec4;
    %pushi/vec4 4, 0, 3;
    %cmp/u;
    %jmp/1 T_2.4, 6;
    %pushi/vec4 0, 0, 3;
    %store/vec4 v0x1a6ca0d0_0, 0, 3;
    %jmp T_2.6;
T_2.0 ;
    %load/vec4 v0x1a6ca580_0;
    %pad/u 32;
    %cmpi/e 1, 0, 32;
    %jmp/0xz  T_2.7, 4;
    %pushi/vec4 1, 0, 3;
    %store/vec4 v0x1a6ca0d0_0, 0, 3;
    %jmp T_2.8;
T_2.7 ;
    %pushi/vec4 0, 0, 3;
    %store/vec4 v0x1a6ca0d0_0, 0, 3;
T_2.8 ;
    %jmp T_2.6;
T_2.1 ;
    %load/vec4 v0x1a6c9e50_0;
    %cmpi/u 3, 0, 32;
    %flag_or 5, 4;
    %jmp/0xz  T_2.9, 5;
    %pushi/vec4 1, 0, 3;
    %store/vec4 v0x1a6ca0d0_0, 0, 3;
    %jmp T_2.10;
T_2.9 ;
    %load/vec4 v0x1a6ca240_0;
    %cmpi/e 1, 0, 2;
    %flag_get/vec4 4;
    %jmp/0 T_2.13, 4;
    %load/vec4 v0x1a6ca320_0;
    %pushi/vec4 2, 0, 2;
    %cmp/e;
    %flag_get/vec4 4;
    %and;
T_2.13;
    %flag_set/vec4 8;
    %jmp/0xz  T_2.11, 8;
    %pushi/vec4 3, 0, 3;
    %store/vec4 v0x1a6ca0d0_0, 0, 3;
    %jmp T_2.12;
T_2.11 ;
    %pushi/vec4 2, 0, 3;
    %store/vec4 v0x1a6ca0d0_0, 0, 3;
T_2.12 ;
T_2.10 ;
    %jmp T_2.6;
T_2.2 ;
    %load/vec4 v0x1a6ca240_0;
    %cmpi/e 1, 0, 2;
    %flag_get/vec4 4;
    %jmp/0 T_2.16, 4;
    %load/vec4 v0x1a6ca320_0;
    %pushi/vec4 2, 0, 2;
    %cmp/e;
    %flag_get/vec4 4;
    %and;
T_2.16;
    %flag_set/vec4 8;
    %jmp/0xz  T_2.14, 8;
    %pushi/vec4 3, 0, 3;
    %store/vec4 v0x1a6ca0d0_0, 0, 3;
    %jmp T_2.15;
T_2.14 ;
    %pushi/vec4 2, 0, 3;
    %store/vec4 v0x1a6ca0d0_0, 0, 3;
T_2.15 ;
    %jmp T_2.6;
T_2.3 ;
    %load/vec4 v0x1a6ca580_0;
    %pad/u 32;
    %cmpi/e 1, 0, 32;
    %flag_get/vec4 4;
    %jmp/0 T_2.19, 4;
    %load/vec4 v0x1a6ca640_0;
    %pad/u 32;
    %pushi/vec4 1, 0, 32;
    %cmp/e;
    %flag_get/vec4 4;
    %and;
T_2.19;
    %flag_set/vec4 8;
    %jmp/0xz  T_2.17, 8;
    %pushi/vec4 4, 0, 3;
    %store/vec4 v0x1a6ca0d0_0, 0, 3;
    %jmp T_2.18;
T_2.17 ;
    %load/vec4 v0x1a6ca640_0;
    %pad/u 32;
    %cmpi/e 1, 0, 32;
    %jmp/0xz  T_2.20, 4;
    %pushi/vec4 0, 0, 3;
    %store/vec4 v0x1a6ca0d0_0, 0, 3;
    %jmp T_2.21;
T_2.20 ;
    %pushi/vec4 3, 0, 3;
    %store/vec4 v0x1a6ca0d0_0, 0, 3;
T_2.21 ;
T_2.18 ;
    %jmp T_2.6;
T_2.4 ;
    %load/vec4 v0x1a6ca240_0;
    %cmpi/e 1, 0, 2;
    %flag_get/vec4 4;
    %jmp/0 T_2.24, 4;
    %load/vec4 v0x1a6ca320_0;
    %pushi/vec4 2, 0, 2;
    %cmp/e;
    %flag_get/vec4 4;
    %and;
T_2.24;
    %flag_set/vec4 8;
    %jmp/0xz  T_2.22, 8;
    %pushi/vec4 3, 0, 3;
    %store/vec4 v0x1a6ca0d0_0, 0, 3;
    %jmp T_2.23;
T_2.22 ;
    %pushi/vec4 4, 0, 3;
    %store/vec4 v0x1a6ca0d0_0, 0, 3;
T_2.23 ;
    %jmp T_2.6;
T_2.6 ;
    %pop/vec4 1;
    %jmp T_2;
    .thread T_2, $push;
    .scope S_0x1a6ae290;
T_3 ;
    %wait E_0x1a67e680;
    %load/vec4 v0x1a6c9f30_0;
    %dup/vec4;
    %pushi/vec4 0, 0, 3;
    %cmp/u;
    %jmp/1 T_3.0, 6;
    %dup/vec4;
    %pushi/vec4 1, 0, 3;
    %cmp/u;
    %jmp/1 T_3.1, 6;
    %dup/vec4;
    %pushi/vec4 2, 0, 3;
    %cmp/u;
    %jmp/1 T_3.2, 6;
    %dup/vec4;
    %pushi/vec4 3, 0, 3;
    %cmp/u;
    %jmp/1 T_3.3, 6;
    %dup/vec4;
    %pushi/vec4 4, 0, 3;
    %cmp/u;
    %jmp/1 T_3.4, 6;
    %jmp T_3.5;
T_3.0 ;
    %pushi/vec4 0, 0, 1;
    %store/vec4 v0x1a6ca010_0, 0, 1;
    %pushi/vec4 0, 0, 1;
    %store/vec4 v0x1a6ca400_0, 0, 1;
    %pushi/vec4 127, 0, 7;
    %store/vec4 v0x1a6c9ab0_0, 0, 7;
    %pushi/vec4 127, 0, 7;
    %store/vec4 v0x1a6c9b90_0, 0, 7;
    %jmp T_3.5;
T_3.1 ;
    %pushi/vec4 0, 0, 1;
    %store/vec4 v0x1a6ca010_0, 0, 1;
    %pushi/vec4 1, 0, 1;
    %store/vec4 v0x1a6ca400_0, 0, 1;
    %pushi/vec4 6, 0, 7;
    %store/vec4 v0x1a6c9ab0_0, 0, 7;
    %pushi/vec4 43, 0, 7;
    %store/vec4 v0x1a6c9b90_0, 0, 7;
    %jmp T_3.5;
T_3.2 ;
    %pushi/vec4 0, 0, 1;
    %store/vec4 v0x1a6ca010_0, 0, 1;
    %load/vec4 v0x1a6ca400_0;
    %inv;
    %store/vec4 v0x1a6ca400_0, 0, 1;
    %pushi/vec4 6, 0, 7;
    %store/vec4 v0x1a6c9ab0_0, 0, 7;
    %pushi/vec4 6, 0, 7;
    %store/vec4 v0x1a6c9b90_0, 0, 7;
    %jmp T_3.5;
T_3.3 ;
    %load/vec4 v0x1a6ca010_0;
    %inv;
    %store/vec4 v0x1a6ca010_0, 0, 1;
    %pushi/vec4 0, 0, 1;
    %store/vec4 v0x1a6ca400_0, 0, 1;
    %pushi/vec4 2, 0, 7;
    %store/vec4 v0x1a6c9ab0_0, 0, 7;
    %pushi/vec4 64, 0, 7;
    %store/vec4 v0x1a6c9b90_0, 0, 7;
    %jmp T_3.5;
T_3.4 ;
    %pushi/vec4 0, 0, 1;
    %store/vec4 v0x1a6ca010_0, 0, 1;
    %load/vec4 v0x1a6ca400_0;
    %inv;
    %store/vec4 v0x1a6ca400_0, 0, 1;
    %pushi/vec4 18, 0, 7;
    %store/vec4 v0x1a6c9ab0_0, 0, 7;
    %pushi/vec4 12, 0, 7;
    %store/vec4 v0x1a6c9b90_0, 0, 7;
    %jmp T_3.5;
T_3.5 ;
    %pop/vec4 1;
    %jmp T_3;
    .thread T_3;
    .scope S_0x1a6930c0;
T_4 ;
    %pushi/vec4 0, 0, 1;
    %store/vec4 v0x1a6cac00_0, 0, 1;
T_4.0 ;
    %delay 10000, 0;
    %load/vec4 v0x1a6cac00_0;
    %inv;
    %store/vec4 v0x1a6cac00_0, 0, 1;
    %jmp T_4.0;
    %end;
    .thread T_4;
    .scope S_0x1a6930c0;
T_5 ;
    %vpi_call/w 3 40 "$dumpfile", "parking_system.vcd" {0 0 0};
    %vpi_call/w 3 41 "$dumpvars", 32'sb00000000000000000000000000000001, S_0x1a6930c0 {0 0 0};
    %pushi/vec4 0, 0, 1;
    %store/vec4 v0x1a6cae40_0, 0, 1;
    %pushi/vec4 0, 0, 1;
    %store/vec4 v0x1a6caf10_0, 0, 1;
    %pushi/vec4 0, 0, 1;
    %store/vec4 v0x1a6cb070_0, 0, 1;
    %pushi/vec4 0, 0, 2;
    %store/vec4 v0x1a6caca0_0, 0, 2;
    %pushi/vec4 0, 0, 2;
    %store/vec4 v0x1a6cad70_0, 0, 2;
    %delay 100000, 0;
    %pushi/vec4 1, 0, 1;
    %store/vec4 v0x1a6cae40_0, 0, 1;
    %delay 20000, 0;
    %pushi/vec4 1, 0, 1;
    %store/vec4 v0x1a6caf10_0, 0, 1;
    %delay 1000000, 0;
    %pushi/vec4 0, 0, 1;
    %store/vec4 v0x1a6caf10_0, 0, 1;
    %pushi/vec4 1, 0, 2;
    %store/vec4 v0x1a6caca0_0, 0, 2;
    %pushi/vec4 2, 0, 2;
    %store/vec4 v0x1a6cad70_0, 0, 2;
    %delay 2000000, 0;
    %pushi/vec4 1, 0, 1;
    %store/vec4 v0x1a6cb070_0, 0, 1;
    %delay 1000000, 0;
    %vpi_call/w 3 64 "$finish" {0 0 0};
    %end;
    .thread T_5;
# The file index is used to find the file name in the following table.
:file_names 5;
    "N/A";
    "<interactive>";
    "-";
    "testbench.sv";
    "design.sv";
